<?xml version="1.0" encoding="UTF-8"?>
<testsuite name="PasswordCheckerTest" tests="1" skipped="0" failures="0" errors="0" timestamp="2020-04-04T11:48:55" hostname="umuzi-admin" time="0.012">
  <properties/>
  <testcase name="passwordOK" classname="PasswordCheckerTest" time="0.012"/>
  <system-out><![CDATA[2020-04-04 13:48:55,670 | PasswordCheckerTwo: User password is OK
]]></system-out>
  <system-err><![CDATA[]]></system-err>
</testsuite>
